<?xml version="1.0" encoding="UTF-8"?>
<!-- Generated by org.testng.reporters.JUnitXMLReporter -->
<testsuite hostname="DESKTOP-B1V894H" ignored="0" name="Default test" tests="3" failures="0" timestamp="05 Aug 2019 22:11:55 GMT" time="26.632" errors="0">
  <testcase name="testCareerPage" time="0.703" classname="com.UI.common.tests.TestJobFilterTeam"/>
  <testcase name="testCareerPage" time="4.387" classname="com.UI.common.tests.TestCareerPage"/>
  <testcase name="testJobFilter" time="0.412" classname="com.UI.common.tests.TestJobFilter"/>
</testsuite> <!-- Default test -->
