<?xml version="1.0" encoding="UTF-8"?>
<testng-results skipped="0" failed="0" ignored="0" total="3" passed="3">
  <reporter-output>
  </reporter-output>
  <suite name="Default suite" duration-ms="26632" started-at="2019-08-05T22:11:28Z" finished-at="2019-08-05T22:11:55Z">
    <groups>
    </groups>
    <test name="Default test" duration-ms="26632" started-at="2019-08-05T22:11:28Z" finished-at="2019-08-05T22:11:55Z">
      <class name="com.UI.common.tests.TestJobFilterTeam">
        <test-method status="PASS" signature="setUp()[pri:0, instance:com.UI.common.tests.TestJobFilterTeam@28ac3dc3]" name="setUp" is-config="true" duration-ms="3425" started-at="2019-08-05T22:11:28Z" finished-at="2019-08-05T22:11:32Z">
          <reporter-output>
          </reporter-output>
        </test-method> <!-- setUp -->
        <test-method status="PASS" signature="Initialise()[pri:0, instance:com.UI.common.tests.TestJobFilterTeam@28ac3dc3]" name="Initialise" is-config="true" duration-ms="2522" started-at="2019-08-05T22:11:32Z" finished-at="2019-08-05T22:11:34Z">
          <reporter-output>
          </reporter-output>
        </test-method> <!-- Initialise -->
        <test-method status="PASS" signature="testCareerPage()[pri:0, instance:com.UI.common.tests.TestJobFilterTeam@28ac3dc3]" name="testCareerPage" duration-ms="703" started-at="2019-08-05T22:11:34Z" finished-at="2019-08-05T22:11:35Z">
          <reporter-output>
          </reporter-output>
        </test-method> <!-- testCareerPage -->
        <test-method status="PASS" signature="teardown()[pri:0, instance:com.UI.common.tests.TestJobFilterTeam@28ac3dc3]" name="teardown" is-config="true" duration-ms="725" started-at="2019-08-05T22:11:35Z" finished-at="2019-08-05T22:11:35Z">
          <reporter-output>
          </reporter-output>
        </test-method> <!-- teardown -->
      </class> <!-- com.UI.common.tests.TestJobFilterTeam -->
      <class name="com.UI.common.tests.TestCareerPage">
        <test-method status="PASS" signature="setUp()[pri:0, instance:com.UI.common.tests.TestCareerPage@32eebfca]" name="setUp" is-config="true" duration-ms="2353" started-at="2019-08-05T22:11:35Z" finished-at="2019-08-05T22:11:38Z">
          <reporter-output>
          </reporter-output>
        </test-method> <!-- setUp -->
        <test-method status="PASS" signature="Initialise()[pri:0, instance:com.UI.common.tests.TestCareerPage@32eebfca]" name="Initialise" is-config="true" duration-ms="5845" started-at="2019-08-05T22:11:38Z" finished-at="2019-08-05T22:11:44Z">
          <reporter-output>
          </reporter-output>
        </test-method> <!-- Initialise -->
        <test-method status="PASS" signature="testCareerPage()[pri:0, instance:com.UI.common.tests.TestCareerPage@32eebfca]" name="testCareerPage" duration-ms="4387" started-at="2019-08-05T22:11:44Z" finished-at="2019-08-05T22:11:48Z">
          <reporter-output>
          </reporter-output>
        </test-method> <!-- testCareerPage -->
        <test-method status="PASS" signature="teardown()[pri:0, instance:com.UI.common.tests.TestCareerPage@32eebfca]" name="teardown" is-config="true" duration-ms="697" started-at="2019-08-05T22:11:48Z" finished-at="2019-08-05T22:11:49Z">
          <reporter-output>
          </reporter-output>
        </test-method> <!-- teardown -->
      </class> <!-- com.UI.common.tests.TestCareerPage -->
      <class name="com.UI.common.tests.TestJobFilter">
        <test-method status="PASS" signature="setUp()[pri:0, instance:com.UI.common.tests.TestJobFilter@4e718207]" name="setUp" is-config="true" duration-ms="2446" started-at="2019-08-05T22:11:49Z" finished-at="2019-08-05T22:11:51Z">
          <reporter-output>
          </reporter-output>
        </test-method> <!-- setUp -->
        <test-method status="PASS" signature="Initialise()[pri:0, instance:com.UI.common.tests.TestJobFilter@4e718207]" name="Initialise" is-config="true" duration-ms="2388" started-at="2019-08-05T22:11:51Z" finished-at="2019-08-05T22:11:54Z">
          <reporter-output>
          </reporter-output>
        </test-method> <!-- Initialise -->
        <test-method status="PASS" signature="testJobFilter()[pri:0, instance:com.UI.common.tests.TestJobFilter@4e718207]" name="testJobFilter" duration-ms="412" started-at="2019-08-05T22:11:54Z" finished-at="2019-08-05T22:11:54Z">
          <reporter-output>
          </reporter-output>
        </test-method> <!-- testJobFilter -->
        <test-method status="PASS" signature="teardown()[pri:0, instance:com.UI.common.tests.TestJobFilter@4e718207]" name="teardown" is-config="true" duration-ms="704" started-at="2019-08-05T22:11:54Z" finished-at="2019-08-05T22:11:55Z">
          <reporter-output>
          </reporter-output>
        </test-method> <!-- teardown -->
      </class> <!-- com.UI.common.tests.TestJobFilter -->
    </test> <!-- Default test -->
  </suite> <!-- Default suite -->
</testng-results>
